<?xml version="1.0" encoding="UTF-8"?>
<testsuites name="true" time="20.0110" tests="2" failures="0">
  <testsuite name="Root Suite" timestamp="2023-05-03T14:29:19" tests="0" file="cypress\e2e\user journeys\header.feature" time="0.0000" failures="0">
  </testsuite>
  <testsuite name="Verify Header component in webpage" timestamp="2023-05-03T14:29:19" tests="2" time="19.9830" failures="0">
    <testcase name="Verify Header component in webpage Verify elements in Header Component (example #1)" time="9.0420" classname="Verify elements in Header Component (example #1)">
    </testcase>
    <testcase name="Verify Header component in webpage Verify elements in Header Component (example #2)" time="7.9010" classname="Verify elements in Header Component (example #2)">
    </testcase>
  </testsuite>
</testsuites>